<?xml version="1.0" encoding="UTF-8"?>
<!-- Generated by org.testng.reporters.JUnitXMLReporter -->
<testsuite ignored="0" hostname="DESKTOP-2F2EII0" failures="3" tests="3" name=" AlertTests(failed)" time="4.809" errors="0" timestamp="2022-01-11T22:05:39 EST">
  <testcase classname="com.herokuapp.theinternet.javascriptalertspagetests.AlertTests" name="jsDismisstTest" time="0.543">
    <failure type="java.lang.AssertionError" message="Result is not expected. expected [true] but found [false]">
      <![CDATA[java.lang.AssertionError: Result is not expected. expected [true] but found [false]
at com.herokuapp.theinternet.javascriptalertspagetests.AlertTests.jsDismisstTest(AlertTests.java:74)
at java.base/java.util.ArrayList.forEach(ArrayList.java:1511)
... Removed 30 stack frames]]>
    </failure>
  </testcase> <!-- jsDismisstTest -->
  <testcase classname="com.herokuapp.theinternet.javascriptalertspagetests.AlertTests" name="jsPromptTest" time="0.514">
    <failure type="java.lang.AssertionError" message="Alert, This is Kanlaya expected [true] but found [false]">
      <![CDATA[java.lang.AssertionError: Alert, This is Kanlaya expected [true] but found [false]
at com.herokuapp.theinternet.javascriptalertspagetests.AlertTests.jsPromptTest(AlertTests.java:104)
at java.base/java.util.ArrayList.forEach(ArrayList.java:1511)
... Removed 30 stack frames]]>
    </failure>
  </testcase> <!-- jsPromptTest -->
  <testcase classname="com.herokuapp.theinternet.javascriptalertspagetests.AlertTests" name="jsAlertTest" time="0.571">
    <failure type="java.lang.AssertionError" message="Result is not expected. expected [true] but found [false]">
      <![CDATA[java.lang.AssertionError: Result is not expected. expected [true] but found [false]
at com.herokuapp.theinternet.javascriptalertspagetests.AlertTests.jsAlertTest(AlertTests.java:42)
at java.base/java.util.ArrayList.forEach(ArrayList.java:1511)
... Removed 30 stack frames]]>
    </failure>
  </testcase> <!-- jsAlertTest -->
</testsuite> <!--  AlertTests(failed) -->
